<?xml version="1.0" encoding="UTF-8"?>
<testng-results ignored="0" total="1" passed="1" failed="0" skipped="0">
  <reporter-output>
  </reporter-output>
  <suite started-at="2025-09-06T21:25:17 IST" name="Default suite" finished-at="2025-09-06T21:25:17 IST" duration-ms="126">
    <groups>
    </groups>
    <test started-at="2025-09-06T21:25:17 IST" name="Default test" finished-at="2025-09-06T21:25:17 IST" duration-ms="126">
      <class name="com.calculatorapp.test.CalculatorTest">
        <test-method signature="addTest()[pri:0, instance:com.calculatorapp.test.CalculatorTest@3023df74]" started-at="2025-09-06T21:25:17 IST" name="addTest" finished-at="2025-09-06T21:25:17 IST" duration-ms="51" status="PASS">
          <reporter-output>
          </reporter-output>
        </test-method> <!-- addTest -->
      </class> <!-- com.calculatorapp.test.CalculatorTest -->
    </test> <!-- Default test -->
  </suite> <!-- Default suite -->
</testng-results>
